<?xml version="1.0" encoding="UTF-8"?>
<testsuite xmlns:xsi="http://www.w3.org/2001/XMLSchema-instance" xsi:noNamespaceSchemaLocation="https://maven.apache.org/surefire/maven-surefire-plugin/xsd/surefire-test-report.xsd" name="com.bootcamp.mscustomer.MsCustomerApplicationTests" time="19.163" tests="1" errors="0" skipped="0" failures="0">
  <properties>
    <property name="sun.desktop" value="gnome"/>
    <property name="awt.toolkit" value="sun.awt.X11.XToolkit"/>
    <property name="file.encoding.pkg" value="sun.io"/>
    <property name="java.specification.version" value="1.8"/>
    <property name="sun.cpu.isalist" value=""/>
    <property name="sun.jnu.encoding" value="UTF-8"/>
    <property name="java.class.path" value="/home/orlandokuan/Escritorio/ms-customer/target/test-classes:/home/orlandokuan/Escritorio/ms-customer/target/classes:/home/orlandokuan/.m2/repository/org/springframework/boot/spring-boot-starter-data-mongodb-reactive/2.5.3/spring-boot-starter-data-mongodb-reactive-2.5.3.jar:/home/orlandokuan/.m2/repository/org/springframework/boot/spring-boot-starter/2.5.3/spring-boot-starter-2.5.3.jar:/home/orlandokuan/.m2/repository/org/springframework/boot/spring-boot-starter-logging/2.5.3/spring-boot-starter-logging-2.5.3.jar:/home/orlandokuan/.m2/repository/ch/qos/logback/logback-classic/1.2.4/logback-classic-1.2.4.jar:/home/orlandokuan/.m2/repository/ch/qos/logback/logback-core/1.2.4/logback-core-1.2.4.jar:/home/orlandokuan/.m2/repository/org/apache/logging/log4j/log4j-to-slf4j/2.14.1/log4j-to-slf4j-2.14.1.jar:/home/orlandokuan/.m2/repository/org/apache/logging/log4j/log4j-api/2.14.1/log4j-api-2.14.1.jar:/home/orlandokuan/.m2/repository/org/slf4j/jul-to-slf4j/1.7.32/jul-to-slf4j-1.7.32.jar:/home/orlandokuan/.m2/repository/jakarta/annotation/jakarta.annotation-api/1.3.5/jakarta.annotation-api-1.3.5.jar:/home/orlandokuan/.m2/repository/org/yaml/snakeyaml/1.28/snakeyaml-1.28.jar:/home/orlandokuan/.m2/repository/io/projectreactor/reactor-core/3.4.8/reactor-core-3.4.8.jar:/home/orlandokuan/.m2/repository/org/reactivestreams/reactive-streams/1.0.3/reactive-streams-1.0.3.jar:/home/orlandokuan/.m2/repository/org/mongodb/mongodb-driver-reactivestreams/4.2.3/mongodb-driver-reactivestreams-4.2.3.jar:/home/orlandokuan/.m2/repository/org/mongodb/bson/4.2.3/bson-4.2.3.jar:/home/orlandokuan/.m2/repository/org/mongodb/mongodb-driver-core/4.2.3/mongodb-driver-core-4.2.3.jar:/home/orlandokuan/.m2/repository/org/springframework/data/spring-data-mongodb/3.2.3/spring-data-mongodb-3.2.3.jar:/home/orlandokuan/.m2/repository/org/springframework/spring-tx/5.3.9/spring-tx-5.3.9.jar:/home/orlandokuan/.m2/repository/org/springframework/spring-context/5.3.9/spring-context-5.3.9.jar:/home/orlandokuan/.m2/repository/org/springframework/spring-aop/5.3.9/spring-aop-5.3.9.jar:/home/orlandokuan/.m2/repository/org/springframework/spring-beans/5.3.9/spring-beans-5.3.9.jar:/home/orlandokuan/.m2/repository/org/springframework/spring-expression/5.3.9/spring-expression-5.3.9.jar:/home/orlandokuan/.m2/repository/org/springframework/data/spring-data-commons/2.5.3/spring-data-commons-2.5.3.jar:/home/orlandokuan/.m2/repository/org/slf4j/slf4j-api/1.7.32/slf4j-api-1.7.32.jar:/home/orlandokuan/.m2/repository/org/springframework/boot/spring-boot-starter-webflux/2.5.3/spring-boot-starter-webflux-2.5.3.jar:/home/orlandokuan/.m2/repository/org/springframework/boot/spring-boot-starter-json/2.5.3/spring-boot-starter-json-2.5.3.jar:/home/orlandokuan/.m2/repository/com/fasterxml/jackson/core/jackson-databind/2.12.4/jackson-databind-2.12.4.jar:/home/orlandokuan/.m2/repository/com/fasterxml/jackson/core/jackson-annotations/2.12.4/jackson-annotations-2.12.4.jar:/home/orlandokuan/.m2/repository/com/fasterxml/jackson/core/jackson-core/2.12.4/jackson-core-2.12.4.jar:/home/orlandokuan/.m2/repository/com/fasterxml/jackson/datatype/jackson-datatype-jdk8/2.12.4/jackson-datatype-jdk8-2.12.4.jar:/home/orlandokuan/.m2/repository/com/fasterxml/jackson/datatype/jackson-datatype-jsr310/2.12.4/jackson-datatype-jsr310-2.12.4.jar:/home/orlandokuan/.m2/repository/com/fasterxml/jackson/module/jackson-module-parameter-names/2.12.4/jackson-module-parameter-names-2.12.4.jar:/home/orlandokuan/.m2/repository/org/springframework/boot/spring-boot-starter-reactor-netty/2.5.3/spring-boot-starter-reactor-netty-2.5.3.jar:/home/orlandokuan/.m2/repository/io/projectreactor/netty/reactor-netty-http/1.0.9/reactor-netty-http-1.0.9.jar:/home/orlandokuan/.m2/repository/io/netty/netty-codec-http/4.1.66.Final/netty-codec-http-4.1.66.Final.jar:/home/orlandokuan/.m2/repository/io/netty/netty-common/4.1.66.Final/netty-common-4.1.66.Final.jar:/home/orlandokuan/.m2/repository/io/netty/netty-buffer/4.1.66.Final/netty-buffer-4.1.66.Final.jar:/home/orlandokuan/.m2/repository/io/netty/netty-transport/4.1.66.Final/netty-transport-4.1.66.Final.jar:/home/orlandokuan/.m2/repository/io/netty/netty-codec/4.1.66.Final/netty-codec-4.1.66.Final.jar:/home/orlandokuan/.m2/repository/io/netty/netty-handler/4.1.66.Final/netty-handler-4.1.66.Final.jar:/home/orlandokuan/.m2/repository/io/netty/netty-codec-http2/4.1.66.Final/netty-codec-http2-4.1.66.Final.jar:/home/orlandokuan/.m2/repository/io/netty/netty-resolver-dns/4.1.66.Final/netty-resolver-dns-4.1.66.Final.jar:/home/orlandokuan/.m2/repository/io/netty/netty-resolver/4.1.66.Final/netty-resolver-4.1.66.Final.jar:/home/orlandokuan/.m2/repository/io/netty/netty-codec-dns/4.1.66.Final/netty-codec-dns-4.1.66.Final.jar:/home/orlandokuan/.m2/repository/io/netty/netty-resolver-dns-native-macos/4.1.66.Final/netty-resolver-dns-native-macos-4.1.66.Final-osx-x86_64.jar:/home/orlandokuan/.m2/repository/io/netty/netty-transport-native-unix-common/4.1.66.Final/netty-transport-native-unix-common-4.1.66.Final.jar:/home/orlandokuan/.m2/repository/io/netty/netty-transport-native-epoll/4.1.66.Final/netty-transport-native-epoll-4.1.66.Final-linux-x86_64.jar:/home/orlandokuan/.m2/repository/io/projectreactor/netty/reactor-netty-core/1.0.9/reactor-netty-core-1.0.9.jar:/home/orlandokuan/.m2/repository/io/netty/netty-handler-proxy/4.1.66.Final/netty-handler-proxy-4.1.66.Final.jar:/home/orlandokuan/.m2/repository/io/netty/netty-codec-socks/4.1.66.Final/netty-codec-socks-4.1.66.Final.jar:/home/orlandokuan/.m2/repository/org/springframework/spring-web/5.3.9/spring-web-5.3.9.jar:/home/orlandokuan/.m2/repository/org/springframework/spring-webflux/5.3.9/spring-webflux-5.3.9.jar:/home/orlandokuan/.m2/repository/org/springframework/boot/spring-boot-starter-validation/2.5.3/spring-boot-starter-validation-2.5.3.jar:/home/orlandokuan/.m2/repository/org/apache/tomcat/embed/tomcat-embed-el/9.0.50/tomcat-embed-el-9.0.50.jar:/home/orlandokuan/.m2/repository/org/hibernate/validator/hibernate-validator/6.2.0.Final/hibernate-validator-6.2.0.Final.jar:/home/orlandokuan/.m2/repository/jakarta/validation/jakarta.validation-api/2.0.2/jakarta.validation-api-2.0.2.jar:/home/orlandokuan/.m2/repository/org/jboss/logging/jboss-logging/3.4.2.Final/jboss-logging-3.4.2.Final.jar:/home/orlandokuan/.m2/repository/com/fasterxml/classmate/1.5.1/classmate-1.5.1.jar:/home/orlandokuan/.m2/repository/org/springframework/boot/spring-boot-devtools/2.5.3/spring-boot-devtools-2.5.3.jar:/home/orlandokuan/.m2/repository/org/springframework/boot/spring-boot/2.5.3/spring-boot-2.5.3.jar:/home/orlandokuan/.m2/repository/org/springframework/boot/spring-boot-autoconfigure/2.5.3/spring-boot-autoconfigure-2.5.3.jar:/home/orlandokuan/.m2/repository/org/projectlombok/lombok/1.18.20/lombok-1.18.20.jar:/home/orlandokuan/.m2/repository/org/springframework/boot/spring-boot-starter-test/2.5.3/spring-boot-starter-test-2.5.3.jar:/home/orlandokuan/.m2/repository/org/springframework/boot/spring-boot-test/2.5.3/spring-boot-test-2.5.3.jar:/home/orlandokuan/.m2/repository/org/springframework/boot/spring-boot-test-autoconfigure/2.5.3/spring-boot-test-autoconfigure-2.5.3.jar:/home/orlandokuan/.m2/repository/com/jayway/jsonpath/json-path/2.5.0/json-path-2.5.0.jar:/home/orlandokuan/.m2/repository/net/minidev/json-smart/2.4.7/json-smart-2.4.7.jar:/home/orlandokuan/.m2/repository/net/minidev/accessors-smart/2.4.7/accessors-smart-2.4.7.jar:/home/orlandokuan/.m2/repository/org/ow2/asm/asm/9.1/asm-9.1.jar:/home/orlandokuan/.m2/repository/jakarta/xml/bind/jakarta.xml.bind-api/2.3.3/jakarta.xml.bind-api-2.3.3.jar:/home/orlandokuan/.m2/repository/jakarta/activation/jakarta.activation-api/1.2.2/jakarta.activation-api-1.2.2.jar:/home/orlandokuan/.m2/repository/org/assertj/assertj-core/3.19.0/assertj-core-3.19.0.jar:/home/orlandokuan/.m2/repository/org/hamcrest/hamcrest/2.2/hamcrest-2.2.jar:/home/orlandokuan/.m2/repository/org/junit/jupiter/junit-jupiter/5.7.2/junit-jupiter-5.7.2.jar:/home/orlandokuan/.m2/repository/org/junit/jupiter/junit-jupiter-api/5.7.2/junit-jupiter-api-5.7.2.jar:/home/orlandokuan/.m2/repository/org/apiguardian/apiguardian-api/1.1.0/apiguardian-api-1.1.0.jar:/home/orlandokuan/.m2/repository/org/opentest4j/opentest4j/1.2.0/opentest4j-1.2.0.jar:/home/orlandokuan/.m2/repository/org/junit/platform/junit-platform-commons/1.7.2/junit-platform-commons-1.7.2.jar:/home/orlandokuan/.m2/repository/org/junit/jupiter/junit-jupiter-params/5.7.2/junit-jupiter-params-5.7.2.jar:/home/orlandokuan/.m2/repository/org/junit/jupiter/junit-jupiter-engine/5.7.2/junit-jupiter-engine-5.7.2.jar:/home/orlandokuan/.m2/repository/org/junit/platform/junit-platform-engine/1.7.2/junit-platform-engine-1.7.2.jar:/home/orlandokuan/.m2/repository/org/mockito/mockito-core/3.9.0/mockito-core-3.9.0.jar:/home/orlandokuan/.m2/repository/net/bytebuddy/byte-buddy/1.10.22/byte-buddy-1.10.22.jar:/home/orlandokuan/.m2/repository/net/bytebuddy/byte-buddy-agent/1.10.22/byte-buddy-agent-1.10.22.jar:/home/orlandokuan/.m2/repository/org/objenesis/objenesis/3.2/objenesis-3.2.jar:/home/orlandokuan/.m2/repository/org/mockito/mockito-junit-jupiter/3.9.0/mockito-junit-jupiter-3.9.0.jar:/home/orlandokuan/.m2/repository/org/skyscreamer/jsonassert/1.5.0/jsonassert-1.5.0.jar:/home/orlandokuan/.m2/repository/com/vaadin/external/google/android-json/0.0.20131108.vaadin1/android-json-0.0.20131108.vaadin1.jar:/home/orlandokuan/.m2/repository/org/springframework/spring-core/5.3.9/spring-core-5.3.9.jar:/home/orlandokuan/.m2/repository/org/springframework/spring-jcl/5.3.9/spring-jcl-5.3.9.jar:/home/orlandokuan/.m2/repository/org/springframework/spring-test/5.3.9/spring-test-5.3.9.jar:/home/orlandokuan/.m2/repository/org/xmlunit/xmlunit-core/2.8.2/xmlunit-core-2.8.2.jar:/home/orlandokuan/.m2/repository/io/projectreactor/reactor-test/3.4.8/reactor-test-3.4.8.jar:/home/orlandokuan/.m2/repository/de/flapdoodle/embed/de.flapdoodle.embed.mongo/3.0.0/de.flapdoodle.embed.mongo-3.0.0.jar:/home/orlandokuan/.m2/repository/de/flapdoodle/embed/de.flapdoodle.embed.process/3.0.1/de.flapdoodle.embed.process-3.0.1.jar:/home/orlandokuan/.m2/repository/org/apache/commons/commons-lang3/3.12.0/commons-lang3-3.12.0.jar:/home/orlandokuan/.m2/repository/org/apache/commons/commons-compress/1.20/commons-compress-1.20.jar:/home/orlandokuan/.m2/repository/net/java/dev/jna/jna/5.6.0/jna-5.6.0.jar:/home/orlandokuan/.m2/repository/net/java/dev/jna/jna-platform/5.6.0/jna-platform-5.6.0.jar:"/>
    <property name="java.vm.vendor" value="Amazon.com Inc."/>
    <property name="sun.arch.data.model" value="64"/>
    <property name="java.vendor.url" value="https://aws.amazon.com/corretto/"/>
    <property name="user.timezone" value=""/>
    <property name="java.vm.specification.version" value="1.8"/>
    <property name="os.name" value="Linux"/>
    <property name="user.country" value="PE"/>
    <property name="sun.java.launcher" value="SUN_STANDARD"/>
    <property name="sun.boot.library.path" value="/home/orlandokuan/.jdks/corretto-1.8.0_292/jre/lib/amd64"/>
    <property name="sun.java.command" value="/home/orlandokuan/Escritorio/ms-customer/target/surefire/surefirebooter7220270064328474064.jar /home/orlandokuan/Escritorio/ms-customer/target/surefire 2021-08-05T10-22-53_752-jvmRun1 surefire9142428034806577219tmp surefire_07950577086597434872tmp"/>
    <property name="surefire.test.class.path" value="/home/orlandokuan/Escritorio/ms-customer/target/test-classes:/home/orlandokuan/Escritorio/ms-customer/target/classes:/home/orlandokuan/.m2/repository/org/springframework/boot/spring-boot-starter-data-mongodb-reactive/2.5.3/spring-boot-starter-data-mongodb-reactive-2.5.3.jar:/home/orlandokuan/.m2/repository/org/springframework/boot/spring-boot-starter/2.5.3/spring-boot-starter-2.5.3.jar:/home/orlandokuan/.m2/repository/org/springframework/boot/spring-boot-starter-logging/2.5.3/spring-boot-starter-logging-2.5.3.jar:/home/orlandokuan/.m2/repository/ch/qos/logback/logback-classic/1.2.4/logback-classic-1.2.4.jar:/home/orlandokuan/.m2/repository/ch/qos/logback/logback-core/1.2.4/logback-core-1.2.4.jar:/home/orlandokuan/.m2/repository/org/apache/logging/log4j/log4j-to-slf4j/2.14.1/log4j-to-slf4j-2.14.1.jar:/home/orlandokuan/.m2/repository/org/apache/logging/log4j/log4j-api/2.14.1/log4j-api-2.14.1.jar:/home/orlandokuan/.m2/repository/org/slf4j/jul-to-slf4j/1.7.32/jul-to-slf4j-1.7.32.jar:/home/orlandokuan/.m2/repository/jakarta/annotation/jakarta.annotation-api/1.3.5/jakarta.annotation-api-1.3.5.jar:/home/orlandokuan/.m2/repository/org/yaml/snakeyaml/1.28/snakeyaml-1.28.jar:/home/orlandokuan/.m2/repository/io/projectreactor/reactor-core/3.4.8/reactor-core-3.4.8.jar:/home/orlandokuan/.m2/repository/org/reactivestreams/reactive-streams/1.0.3/reactive-streams-1.0.3.jar:/home/orlandokuan/.m2/repository/org/mongodb/mongodb-driver-reactivestreams/4.2.3/mongodb-driver-reactivestreams-4.2.3.jar:/home/orlandokuan/.m2/repository/org/mongodb/bson/4.2.3/bson-4.2.3.jar:/home/orlandokuan/.m2/repository/org/mongodb/mongodb-driver-core/4.2.3/mongodb-driver-core-4.2.3.jar:/home/orlandokuan/.m2/repository/org/springframework/data/spring-data-mongodb/3.2.3/spring-data-mongodb-3.2.3.jar:/home/orlandokuan/.m2/repository/org/springframework/spring-tx/5.3.9/spring-tx-5.3.9.jar:/home/orlandokuan/.m2/repository/org/springframework/spring-context/5.3.9/spring-context-5.3.9.jar:/home/orlandokuan/.m2/repository/org/springframework/spring-aop/5.3.9/spring-aop-5.3.9.jar:/home/orlandokuan/.m2/repository/org/springframework/spring-beans/5.3.9/spring-beans-5.3.9.jar:/home/orlandokuan/.m2/repository/org/springframework/spring-expression/5.3.9/spring-expression-5.3.9.jar:/home/orlandokuan/.m2/repository/org/springframework/data/spring-data-commons/2.5.3/spring-data-commons-2.5.3.jar:/home/orlandokuan/.m2/repository/org/slf4j/slf4j-api/1.7.32/slf4j-api-1.7.32.jar:/home/orlandokuan/.m2/repository/org/springframework/boot/spring-boot-starter-webflux/2.5.3/spring-boot-starter-webflux-2.5.3.jar:/home/orlandokuan/.m2/repository/org/springframework/boot/spring-boot-starter-json/2.5.3/spring-boot-starter-json-2.5.3.jar:/home/orlandokuan/.m2/repository/com/fasterxml/jackson/core/jackson-databind/2.12.4/jackson-databind-2.12.4.jar:/home/orlandokuan/.m2/repository/com/fasterxml/jackson/core/jackson-annotations/2.12.4/jackson-annotations-2.12.4.jar:/home/orlandokuan/.m2/repository/com/fasterxml/jackson/core/jackson-core/2.12.4/jackson-core-2.12.4.jar:/home/orlandokuan/.m2/repository/com/fasterxml/jackson/datatype/jackson-datatype-jdk8/2.12.4/jackson-datatype-jdk8-2.12.4.jar:/home/orlandokuan/.m2/repository/com/fasterxml/jackson/datatype/jackson-datatype-jsr310/2.12.4/jackson-datatype-jsr310-2.12.4.jar:/home/orlandokuan/.m2/repository/com/fasterxml/jackson/module/jackson-module-parameter-names/2.12.4/jackson-module-parameter-names-2.12.4.jar:/home/orlandokuan/.m2/repository/org/springframework/boot/spring-boot-starter-reactor-netty/2.5.3/spring-boot-starter-reactor-netty-2.5.3.jar:/home/orlandokuan/.m2/repository/io/projectreactor/netty/reactor-netty-http/1.0.9/reactor-netty-http-1.0.9.jar:/home/orlandokuan/.m2/repository/io/netty/netty-codec-http/4.1.66.Final/netty-codec-http-4.1.66.Final.jar:/home/orlandokuan/.m2/repository/io/netty/netty-common/4.1.66.Final/netty-common-4.1.66.Final.jar:/home/orlandokuan/.m2/repository/io/netty/netty-buffer/4.1.66.Final/netty-buffer-4.1.66.Final.jar:/home/orlandokuan/.m2/repository/io/netty/netty-transport/4.1.66.Final/netty-transport-4.1.66.Final.jar:/home/orlandokuan/.m2/repository/io/netty/netty-codec/4.1.66.Final/netty-codec-4.1.66.Final.jar:/home/orlandokuan/.m2/repository/io/netty/netty-handler/4.1.66.Final/netty-handler-4.1.66.Final.jar:/home/orlandokuan/.m2/repository/io/netty/netty-codec-http2/4.1.66.Final/netty-codec-http2-4.1.66.Final.jar:/home/orlandokuan/.m2/repository/io/netty/netty-resolver-dns/4.1.66.Final/netty-resolver-dns-4.1.66.Final.jar:/home/orlandokuan/.m2/repository/io/netty/netty-resolver/4.1.66.Final/netty-resolver-4.1.66.Final.jar:/home/orlandokuan/.m2/repository/io/netty/netty-codec-dns/4.1.66.Final/netty-codec-dns-4.1.66.Final.jar:/home/orlandokuan/.m2/repository/io/netty/netty-resolver-dns-native-macos/4.1.66.Final/netty-resolver-dns-native-macos-4.1.66.Final-osx-x86_64.jar:/home/orlandokuan/.m2/repository/io/netty/netty-transport-native-unix-common/4.1.66.Final/netty-transport-native-unix-common-4.1.66.Final.jar:/home/orlandokuan/.m2/repository/io/netty/netty-transport-native-epoll/4.1.66.Final/netty-transport-native-epoll-4.1.66.Final-linux-x86_64.jar:/home/orlandokuan/.m2/repository/io/projectreactor/netty/reactor-netty-core/1.0.9/reactor-netty-core-1.0.9.jar:/home/orlandokuan/.m2/repository/io/netty/netty-handler-proxy/4.1.66.Final/netty-handler-proxy-4.1.66.Final.jar:/home/orlandokuan/.m2/repository/io/netty/netty-codec-socks/4.1.66.Final/netty-codec-socks-4.1.66.Final.jar:/home/orlandokuan/.m2/repository/org/springframework/spring-web/5.3.9/spring-web-5.3.9.jar:/home/orlandokuan/.m2/repository/org/springframework/spring-webflux/5.3.9/spring-webflux-5.3.9.jar:/home/orlandokuan/.m2/repository/org/springframework/boot/spring-boot-starter-validation/2.5.3/spring-boot-starter-validation-2.5.3.jar:/home/orlandokuan/.m2/repository/org/apache/tomcat/embed/tomcat-embed-el/9.0.50/tomcat-embed-el-9.0.50.jar:/home/orlandokuan/.m2/repository/org/hibernate/validator/hibernate-validator/6.2.0.Final/hibernate-validator-6.2.0.Final.jar:/home/orlandokuan/.m2/repository/jakarta/validation/jakarta.validation-api/2.0.2/jakarta.validation-api-2.0.2.jar:/home/orlandokuan/.m2/repository/org/jboss/logging/jboss-logging/3.4.2.Final/jboss-logging-3.4.2.Final.jar:/home/orlandokuan/.m2/repository/com/fasterxml/classmate/1.5.1/classmate-1.5.1.jar:/home/orlandokuan/.m2/repository/org/springframework/boot/spring-boot-devtools/2.5.3/spring-boot-devtools-2.5.3.jar:/home/orlandokuan/.m2/repository/org/springframework/boot/spring-boot/2.5.3/spring-boot-2.5.3.jar:/home/orlandokuan/.m2/repository/org/springframework/boot/spring-boot-autoconfigure/2.5.3/spring-boot-autoconfigure-2.5.3.jar:/home/orlandokuan/.m2/repository/org/projectlombok/lombok/1.18.20/lombok-1.18.20.jar:/home/orlandokuan/.m2/repository/org/springframework/boot/spring-boot-starter-test/2.5.3/spring-boot-starter-test-2.5.3.jar:/home/orlandokuan/.m2/repository/org/springframework/boot/spring-boot-test/2.5.3/spring-boot-test-2.5.3.jar:/home/orlandokuan/.m2/repository/org/springframework/boot/spring-boot-test-autoconfigure/2.5.3/spring-boot-test-autoconfigure-2.5.3.jar:/home/orlandokuan/.m2/repository/com/jayway/jsonpath/json-path/2.5.0/json-path-2.5.0.jar:/home/orlandokuan/.m2/repository/net/minidev/json-smart/2.4.7/json-smart-2.4.7.jar:/home/orlandokuan/.m2/repository/net/minidev/accessors-smart/2.4.7/accessors-smart-2.4.7.jar:/home/orlandokuan/.m2/repository/org/ow2/asm/asm/9.1/asm-9.1.jar:/home/orlandokuan/.m2/repository/jakarta/xml/bind/jakarta.xml.bind-api/2.3.3/jakarta.xml.bind-api-2.3.3.jar:/home/orlandokuan/.m2/repository/jakarta/activation/jakarta.activation-api/1.2.2/jakarta.activation-api-1.2.2.jar:/home/orlandokuan/.m2/repository/org/assertj/assertj-core/3.19.0/assertj-core-3.19.0.jar:/home/orlandokuan/.m2/repository/org/hamcrest/hamcrest/2.2/hamcrest-2.2.jar:/home/orlandokuan/.m2/repository/org/junit/jupiter/junit-jupiter/5.7.2/junit-jupiter-5.7.2.jar:/home/orlandokuan/.m2/repository/org/junit/jupiter/junit-jupiter-api/5.7.2/junit-jupiter-api-5.7.2.jar:/home/orlandokuan/.m2/repository/org/apiguardian/apiguardian-api/1.1.0/apiguardian-api-1.1.0.jar:/home/orlandokuan/.m2/repository/org/opentest4j/opentest4j/1.2.0/opentest4j-1.2.0.jar:/home/orlandokuan/.m2/repository/org/junit/platform/junit-platform-commons/1.7.2/junit-platform-commons-1.7.2.jar:/home/orlandokuan/.m2/repository/org/junit/jupiter/junit-jupiter-params/5.7.2/junit-jupiter-params-5.7.2.jar:/home/orlandokuan/.m2/repository/org/junit/jupiter/junit-jupiter-engine/5.7.2/junit-jupiter-engine-5.7.2.jar:/home/orlandokuan/.m2/repository/org/junit/platform/junit-platform-engine/1.7.2/junit-platform-engine-1.7.2.jar:/home/orlandokuan/.m2/repository/org/mockito/mockito-core/3.9.0/mockito-core-3.9.0.jar:/home/orlandokuan/.m2/repository/net/bytebuddy/byte-buddy/1.10.22/byte-buddy-1.10.22.jar:/home/orlandokuan/.m2/repository/net/bytebuddy/byte-buddy-agent/1.10.22/byte-buddy-agent-1.10.22.jar:/home/orlandokuan/.m2/repository/org/objenesis/objenesis/3.2/objenesis-3.2.jar:/home/orlandokuan/.m2/repository/org/mockito/mockito-junit-jupiter/3.9.0/mockito-junit-jupiter-3.9.0.jar:/home/orlandokuan/.m2/repository/org/skyscreamer/jsonassert/1.5.0/jsonassert-1.5.0.jar:/home/orlandokuan/.m2/repository/com/vaadin/external/google/android-json/0.0.20131108.vaadin1/android-json-0.0.20131108.vaadin1.jar:/home/orlandokuan/.m2/repository/org/springframework/spring-core/5.3.9/spring-core-5.3.9.jar:/home/orlandokuan/.m2/repository/org/springframework/spring-jcl/5.3.9/spring-jcl-5.3.9.jar:/home/orlandokuan/.m2/repository/org/springframework/spring-test/5.3.9/spring-test-5.3.9.jar:/home/orlandokuan/.m2/repository/org/xmlunit/xmlunit-core/2.8.2/xmlunit-core-2.8.2.jar:/home/orlandokuan/.m2/repository/io/projectreactor/reactor-test/3.4.8/reactor-test-3.4.8.jar:/home/orlandokuan/.m2/repository/de/flapdoodle/embed/de.flapdoodle.embed.mongo/3.0.0/de.flapdoodle.embed.mongo-3.0.0.jar:/home/orlandokuan/.m2/repository/de/flapdoodle/embed/de.flapdoodle.embed.process/3.0.1/de.flapdoodle.embed.process-3.0.1.jar:/home/orlandokuan/.m2/repository/org/apache/commons/commons-lang3/3.12.0/commons-lang3-3.12.0.jar:/home/orlandokuan/.m2/repository/org/apache/commons/commons-compress/1.20/commons-compress-1.20.jar:/home/orlandokuan/.m2/repository/net/java/dev/jna/jna/5.6.0/jna-5.6.0.jar:/home/orlandokuan/.m2/repository/net/java/dev/jna/jna-platform/5.6.0/jna-platform-5.6.0.jar:"/>
    <property name="sun.cpu.endian" value="little"/>
    <property name="user.home" value="/home/orlandokuan"/>
    <property name="user.language" value="es"/>
    <property name="java.specification.vendor" value="Oracle Corporation"/>
    <property name="java.home" value="/home/orlandokuan/.jdks/corretto-1.8.0_292/jre"/>
    <property name="basedir" value="/home/orlandokuan/Escritorio/ms-customer"/>
    <property name="file.separator" value="/"/>
    <property name="line.separator" value="&#10;"/>
    <property name="java.vm.specification.vendor" value="Oracle Corporation"/>
    <property name="java.specification.name" value="Java Platform API Specification"/>
    <property name="java.awt.graphicsenv" value="sun.awt.X11GraphicsEnvironment"/>
    <property name="surefire.real.class.path" value="/home/orlandokuan/Escritorio/ms-customer/target/surefire/surefirebooter7220270064328474064.jar"/>
    <property name="sun.boot.class.path" value="/home/orlandokuan/.jdks/corretto-1.8.0_292/jre/lib/resources.jar:/home/orlandokuan/.jdks/corretto-1.8.0_292/jre/lib/rt.jar:/home/orlandokuan/.jdks/corretto-1.8.0_292/jre/lib/sunrsasign.jar:/home/orlandokuan/.jdks/corretto-1.8.0_292/jre/lib/jsse.jar:/home/orlandokuan/.jdks/corretto-1.8.0_292/jre/lib/jce.jar:/home/orlandokuan/.jdks/corretto-1.8.0_292/jre/lib/charsets.jar:/home/orlandokuan/.jdks/corretto-1.8.0_292/jre/lib/jfr.jar:/home/orlandokuan/.jdks/corretto-1.8.0_292/jre/classes"/>
    <property name="sun.management.compiler" value="HotSpot 64-Bit Tiered Compilers"/>
    <property name="java.runtime.version" value="1.8.0_292-b10"/>
    <property name="user.name" value="orlandokuan"/>
    <property name="path.separator" value=":"/>
    <property name="os.version" value="5.8.0-63-generic"/>
    <property name="java.endorsed.dirs" value="/home/orlandokuan/.jdks/corretto-1.8.0_292/jre/lib/endorsed"/>
    <property name="java.runtime.name" value="OpenJDK Runtime Environment"/>
    <property name="file.encoding" value="UTF-8"/>
    <property name="java.vm.name" value="OpenJDK 64-Bit Server VM"/>
    <property name="localRepository" value="/home/orlandokuan/.m2/repository"/>
    <property name="java.vendor.url.bug" value="https://github.com/corretto/corretto-8/issues/"/>
    <property name="java.io.tmpdir" value="/tmp"/>
    <property name="idea.version" value="2021.2"/>
    <property name="java.version" value="1.8.0_292"/>
    <property name="user.dir" value="/home/orlandokuan/Escritorio/ms-customer"/>
    <property name="os.arch" value="amd64"/>
    <property name="java.vm.specification.name" value="Java Virtual Machine Specification"/>
    <property name="java.awt.printerjob" value="sun.print.PSPrinterJob"/>
    <property name="sun.os.patch.level" value="unknown"/>
    <property name="java.library.path" value="/usr/java/packages/lib/amd64:/usr/lib64:/lib64:/lib:/usr/lib"/>
    <property name="java.vm.info" value="mixed mode"/>
    <property name="java.vendor" value="Amazon.com Inc."/>
    <property name="java.vm.version" value="25.292-b10"/>
    <property name="java.ext.dirs" value="/home/orlandokuan/.jdks/corretto-1.8.0_292/jre/lib/ext:/usr/java/packages/lib/ext"/>
    <property name="sun.io.unicode.encoding" value="UnicodeLittle"/>
    <property name="java.class.version" value="52.0"/>
  </properties>
  <testcase name="contextLoads" classname="com.bootcamp.mscustomer.MsCustomerApplicationTests" time="0.337"/>
</testsuite>